<?xml version="1.0" encoding="UTF-8"?>
<testsuite name="edu.eci.cosw.samples.SpringDataRestApiApplicationTests" time="0.437" tests="6" errors="0" skipped="0" failures="1">
  <properties>
    <property name="java.runtime.name" value="Java(TM) SE Runtime Environment"/>
    <property name="sun.boot.library.path" value="C:\Program Files\Java\jdk1.8.0_101\jre\bin"/>
    <property name="java.vm.version" value="25.101-b13"/>
    <property name="user.country.format" value="CO"/>
    <property name="java.vm.vendor" value="Oracle Corporation"/>
    <property name="maven.multiModuleProjectDirectory" value="C:\Users\USUARIO\Dropbox\2017-1\COSW+\Laboratorio 5\COSW_Lab5"/>
    <property name="java.vendor.url" value="http://java.oracle.com/"/>
    <property name="path.separator" value=";"/>
    <property name="guice.disable.misplaced.annotation.check" value="true"/>
    <property name="java.vm.name" value="Java HotSpot(TM) 64-Bit Server VM"/>
    <property name="file.encoding.pkg" value="sun.io"/>
    <property name="user.script" value=""/>
    <property name="user.country" value="US"/>
    <property name="sun.java.launcher" value="SUN_STANDARD"/>
    <property name="sun.os.patch.level" value=""/>
    <property name="java.vm.specification.name" value="Java Virtual Machine Specification"/>
    <property name="user.dir" value="C:\Users\USUARIO\Dropbox\2017-1\COSW+\Laboratorio 5\COSW_Lab5"/>
    <property name="java.runtime.version" value="1.8.0_101-b13"/>
    <property name="java.awt.graphicsenv" value="sun.awt.Win32GraphicsEnvironment"/>
    <property name="java.endorsed.dirs" value="C:\Program Files\Java\jdk1.8.0_101\jre\lib\endorsed"/>
    <property name="os.arch" value="amd64"/>
    <property name="java.io.tmpdir" value="C:\Users\USUARIO\AppData\Local\Temp\"/>
    <property name="line.separator" value="&#10;"/>
    <property name="java.vm.specification.vendor" value="Oracle Corporation"/>
    <property name="user.variant" value=""/>
    <property name="os.name" value="Windows 8.1"/>
    <property name="classworlds.conf" value="C:\Program Files\apache-maven-3.3.9\bin\m2.conf"/>
    <property name="sun.jnu.encoding" value="Cp1252"/>
    <property name="java.library.path" value="C:\Program Files\Java\jdk1.8.0_101\bin;C:\WINDOWS\Sun\Java\bin;C:\WINDOWS\system32;C:\WINDOWS;C:\ProgramData\Oracle\Java\javapath;C:\Program Files (x86)\Intel\iCLS Client\;C:\Program Files\Intel\iCLS Client\;C:\WINDOWS\system32;C:\WINDOWS;C:\WINDOWS\System32\Wbem;C:\WINDOWS\System32\WindowsPowerShell\v1.0\;C:\Program Files (x86)\Windows Live\Shared;C:\Program Files\Intel\Intel(R) Management Engine Components\DAL;C:\Program Files\Intel\Intel(R) Management Engine Components\IPT;C:\Program Files (x86)\Intel\Intel(R) Management Engine Components\DAL;C:\Program Files (x86)\Intel\Intel(R) Management Engine Components\IPT;C:\Program Files (x86)\Intel\OpenCL SDK\2.0\bin\x86;C:\Program Files (x86)\Intel\OpenCL SDK\2.0\bin\x64;C:\Program Files (x86)\Skype\Phone\;C:\Program Files\Git\cmd;C:\Program Files\Java\jdk1.8.0_101\bin;C:\Program Files\apache-maven-3.3.9\bin;C:\Program Files\gradle-3.3\bin;C:\Program Files\nodejs\;C:\Program Files (x86)\SSH Communications Security\SSH Secure Shell;C:\Program Files\Java\jdk1.8.0_101\bin;C:\Program Files\apache-maven-3.3.9\bin;C:\Users\USUARIO\AppData\Roaming\npm;."/>
    <property name="java.specification.name" value="Java Platform API Specification"/>
    <property name="java.class.version" value="52.0"/>
    <property name="sun.management.compiler" value="HotSpot 64-Bit Tiered Compilers"/>
    <property name="os.version" value="6.3"/>
    <property name="user.home" value="C:\Users\USUARIO"/>
    <property name="user.timezone" value="America/Bogota"/>
    <property name="java.awt.printerjob" value="sun.awt.windows.WPrinterJob"/>
    <property name="java.specification.version" value="1.8"/>
    <property name="file.encoding" value="Cp1252"/>
    <property name="user.name" value="USUARIO"/>
    <property name="java.class.path" value="C:\Program Files\apache-maven-3.3.9\boot\plexus-classworlds-2.5.2.jar"/>
    <property name="java.vm.specification.version" value="1.8"/>
    <property name="sun.arch.data.model" value="64"/>
    <property name="java.home" value="C:\Program Files\Java\jdk1.8.0_101\jre"/>
    <property name="sun.java.command" value="org.codehaus.plexus.classworlds.launcher.Launcher test"/>
    <property name="java.specification.vendor" value="Oracle Corporation"/>
    <property name="user.language" value="en"/>
    <property name="user.language.format" value="es"/>
    <property name="awt.toolkit" value="sun.awt.windows.WToolkit"/>
    <property name="java.vm.info" value="mixed mode"/>
    <property name="java.version" value="1.8.0_101"/>
    <property name="java.ext.dirs" value="C:\Program Files\Java\jdk1.8.0_101\jre\lib\ext;C:\WINDOWS\Sun\Java\lib\ext"/>
    <property name="sun.boot.class.path" value="C:\Program Files\Java\jdk1.8.0_101\jre\lib\resources.jar;C:\Program Files\Java\jdk1.8.0_101\jre\lib\rt.jar;C:\Program Files\Java\jdk1.8.0_101\jre\lib\sunrsasign.jar;C:\Program Files\Java\jdk1.8.0_101\jre\lib\jsse.jar;C:\Program Files\Java\jdk1.8.0_101\jre\lib\jce.jar;C:\Program Files\Java\jdk1.8.0_101\jre\lib\charsets.jar;C:\Program Files\Java\jdk1.8.0_101\jre\lib\jfr.jar;C:\Program Files\Java\jdk1.8.0_101\jre\classes"/>
    <property name="sun.stderr.encoding" value="cp437"/>
    <property name="java.vendor" value="Oracle Corporation"/>
    <property name="maven.home" value="C:\Program Files\apache-maven-3.3.9"/>
    <property name="file.separator" value="\"/>
    <property name="java.vendor.url.bug" value="http://bugreport.sun.com/bugreport/"/>
    <property name="sun.cpu.endian" value="little"/>
    <property name="sun.io.unicode.encoding" value="UnicodeLittle"/>
    <property name="sun.stdout.encoding" value="cp437"/>
    <property name="sun.desktop" value="windows"/>
    <property name="sun.cpu.isalist" value="amd64"/>
  </properties>
  <testcase name="registro3pacientes" classname="edu.eci.cosw.samples.SpringDataRestApiApplicationTests" time="0.328"/>
  <testcase name="consultarPacienteNoExistente" classname="edu.eci.cosw.samples.SpringDataRestApiApplicationTests" time="0.047"/>
  <testcase name="noPacientesNconsultas" classname="edu.eci.cosw.samples.SpringDataRestApiApplicationTests" time="0.062">
    <failure type="java.lang.AssertionError:">java.lang.AssertionError: null
	at org.junit.Assert.fail(Assert.java:86)
	at org.junit.Assert.assertTrue(Assert.java:41)
	at org.junit.Assert.assertTrue(Assert.java:52)
	at edu.eci.cosw.samples.SpringDataRestApiApplicationTests.noPacientesNconsultas(SpringDataRestApiApplicationTests.java:75)
</failure>
    <system-out><![CDATA[2017-02-28 20:00:25.736 DEBUG 5112 --- [           main] org.hibernate.SQL                        : select paciente0_.id as id1_1_1_, paciente0_.tipo_id as tipo_id2_1_1_, paciente0_.fecha_nacimiento as fecha_na3_1_1_, paciente0_.nombre as nombre4_1_1_, consultas1_.PACIENTES_id as PACIENTE4_0_3_, consultas1_.PACIENTES_tipo_id as PACIENTE5_0_3_, consultas1_.idConsultas as idConsul1_0_3_, consultas1_.idConsultas as idConsul1_0_0_, consultas1_.fecha_y_hora as fecha_y_2_0_0_, consultas1_.resumen as resumen3_0_0_ from PACIENTES paciente0_ left outer join CONSULTAS consultas1_ on paciente0_.id=consultas1_.PACIENTES_id and paciente0_.tipo_id=consultas1_.PACIENTES_tipo_id where paciente0_.id=? and paciente0_.tipo_id=?
Hibernate: select paciente0_.id as id1_1_1_, paciente0_.tipo_id as tipo_id2_1_1_, paciente0_.fecha_nacimiento as fecha_na3_1_1_, paciente0_.nombre as nombre4_1_1_, consultas1_.PACIENTES_id as PACIENTE4_0_3_, consultas1_.PACIENTES_tipo_id as PACIENTE5_0_3_, consultas1_.idConsultas as idConsul1_0_3_, consultas1_.idConsultas as idConsul1_0_0_, consultas1_.fecha_y_hora as fecha_y_2_0_0_, consultas1_.resumen as resumen3_0_0_ from PACIENTES paciente0_ left outer join CONSULTAS consultas1_ on paciente0_.id=consultas1_.PACIENTES_id and paciente0_.tipo_id=consultas1_.PACIENTES_tipo_id where paciente0_.id=? and paciente0_.tipo_id=?
2017-02-28 20:00:25.736 TRACE 5112 --- [           main] o.h.type.descriptor.sql.BasicBinder      : binding parameter [1] as [INTEGER] - [1072658]
2017-02-28 20:00:25.736 TRACE 5112 --- [           main] o.h.type.descriptor.sql.BasicBinder      : binding parameter [2] as [VARCHAR] - [cc]
2017-02-28 20:00:25.736 DEBUG 5112 --- [           main] org.hibernate.SQL                        : insert into PACIENTES (fecha_nacimiento, nombre, id, tipo_id) values (?, ?, ?, ?)
Hibernate: insert into PACIENTES (fecha_nacimiento, nombre, id, tipo_id) values (?, ?, ?, ?)
2017-02-28 20:00:25.736 TRACE 5112 --- [           main] o.h.type.descriptor.sql.BasicBinder      : binding parameter [1] as [DATE] - [Tue Feb 28 20:00:25 COT 2017]
2017-02-28 20:00:25.752 TRACE 5112 --- [           main] o.h.type.descriptor.sql.BasicBinder      : binding parameter [2] as [VARCHAR] - [Deivan Oliva]
2017-02-28 20:00:25.752 TRACE 5112 --- [           main] o.h.type.descriptor.sql.BasicBinder      : binding parameter [3] as [INTEGER] - [1072658]
2017-02-28 20:00:25.752 TRACE 5112 --- [           main] o.h.type.descriptor.sql.BasicBinder      : binding parameter [4] as [VARCHAR] - [cc]
2017-02-28 20:00:25.752 DEBUG 5112 --- [           main] org.hibernate.SQL                        : insert into CONSULTAS (idConsultas, fecha_y_hora, resumen, PACIENTES_id, PACIENTES_tipo_id) values (null, ?, ?, ?, ?)
Hibernate: insert into CONSULTAS (idConsultas, fecha_y_hora, resumen, PACIENTES_id, PACIENTES_tipo_id) values (null, ?, ?, ?, ?)
2017-02-28 20:00:25.752 TRACE 5112 --- [           main] o.h.type.descriptor.sql.BasicBinder      : binding parameter [1] as [TIMESTAMP] - [Tue Feb 28 20:00:25 COT 2017]
2017-02-28 20:00:25.752 TRACE 5112 --- [           main] o.h.type.descriptor.sql.BasicBinder      : binding parameter [2] as [VARCHAR] - [PRONTO A MORIR JAJAJA]
2017-02-28 20:00:25.752 TRACE 5112 --- [           main] o.h.type.descriptor.sql.BasicBinder      : binding parameter [3] as [INTEGER] - [1072658]
2017-02-28 20:00:25.752 TRACE 5112 --- [           main] o.h.type.descriptor.sql.BasicBinder      : binding parameter [4] as [VARCHAR] - [cc]
2017-02-28 20:00:25.752 DEBUG 5112 --- [           main] org.hibernate.SQL                        : update CONSULTAS set PACIENTES_id=?, PACIENTES_tipo_id=? where idConsultas=?
Hibernate: update CONSULTAS set PACIENTES_id=?, PACIENTES_tipo_id=? where idConsultas=?
2017-02-28 20:00:25.752 TRACE 5112 --- [           main] o.h.type.descriptor.sql.BasicBinder      : binding parameter [1] as [INTEGER] - [1072658]
2017-02-28 20:00:25.752 TRACE 5112 --- [           main] o.h.type.descriptor.sql.BasicBinder      : binding parameter [2] as [VARCHAR] - [cc]
2017-02-28 20:00:25.752 TRACE 5112 --- [           main] o.h.type.descriptor.sql.BasicBinder      : binding parameter [3] as [INTEGER] - [4]
2017-02-28 20:00:25.752 DEBUG 5112 --- [           main] org.hibernate.SQL                        : select paciente0_.id as id1_1_, paciente0_.tipo_id as tipo_id2_1_, paciente0_.fecha_nacimiento as fecha_na3_1_, paciente0_.nombre as nombre4_1_ from PACIENTES paciente0_ where (select count(consultas1_.PACIENTES_id) from CONSULTAS consultas1_ where paciente0_.id=consultas1_.PACIENTES_id and paciente0_.tipo_id=consultas1_.PACIENTES_tipo_id)>=?
Hibernate: select paciente0_.id as id1_1_, paciente0_.tipo_id as tipo_id2_1_, paciente0_.fecha_nacimiento as fecha_na3_1_, paciente0_.nombre as nombre4_1_ from PACIENTES paciente0_ where (select count(consultas1_.PACIENTES_id) from CONSULTAS consultas1_ where paciente0_.id=consultas1_.PACIENTES_id and paciente0_.tipo_id=consultas1_.PACIENTES_tipo_id)>=?
2017-02-28 20:00:25.752 TRACE 5112 --- [           main] o.h.type.descriptor.sql.BasicBinder      : binding parameter [1] as [INTEGER] - [2]
]]></system-out>
  </testcase>
  <testcase name="contextLoads" classname="edu.eci.cosw.samples.SpringDataRestApiApplicationTests" time="0"/>
  <testcase name="consultarPacienteExistente" classname="edu.eci.cosw.samples.SpringDataRestApiApplicationTests" time="0"/>
  <testcase name="patientLoadTest" classname="edu.eci.cosw.samples.SpringDataRestApiApplicationTests" time="0"/>
</testsuite>